0 info it worked if it ends with ok
1 verbose cli [ 'node',
1 verbose cli   'C:\\Users\\dysow\\AppData\\Roaming\\npm\\node_modules\\npm\\bin\\npm-cli.js',
1 verbose cli   'start',
1 verbose cli   'monitor-dashboard' ]
2 info using npm@2.11.3
3 info using node@v0.12.2
4 verbose run-script [ 'prestart', 'start', 'poststart' ]
5 info prestart foncier@0.1.0
6 info start foncier@0.1.0
7 verbose unsafe-perm in lifecycle true
8 info foncier@0.1.0 Failed to exec start script
9 verbose stack Error: foncier@0.1.0 start: `node node_modules/grunt-cli/bin/grunt "monitor-dashboard"`
9 verbose stack Exit status 1
9 verbose stack     at EventEmitter.<anonymous> (C:\Users\dysow\AppData\Roaming\npm\node_modules\npm\lib\utils\lifecycle.js:213:16)
9 verbose stack     at EventEmitter.emit (events.js:110:17)
9 verbose stack     at ChildProcess.<anonymous> (C:\Users\dysow\AppData\Roaming\npm\node_modules\npm\lib\utils\spawn.js:24:14)
9 verbose stack     at ChildProcess.emit (events.js:110:17)
9 verbose stack     at maybeClose (child_process.js:1015:16)
9 verbose stack     at Process.ChildProcess._handle.onexit (child_process.js:1087:5)
10 verbose pkgid foncier@0.1.0
11 verbose cwd C:\dev\gandal\git repo\gandal\efoncier
12 error Windows_NT 6.2.9200
13 error argv "node" "C:\\Users\\dysow\\AppData\\Roaming\\npm\\node_modules\\npm\\bin\\npm-cli.js" "start" "monitor-dashboard"
14 error node v0.12.2
15 error npm  v2.11.3
16 error code ELIFECYCLE
17 error foncier@0.1.0 start: `node node_modules/grunt-cli/bin/grunt "monitor-dashboard"`
17 error Exit status 1
18 error Failed at the foncier@0.1.0 start script 'node node_modules/grunt-cli/bin/grunt "monitor-dashboard"'.
18 error This is most likely a problem with the foncier package,
18 error not with npm itself.
18 error Tell the author that this fails on your system:
18 error     node node_modules/grunt-cli/bin/grunt "monitor-dashboard"
18 error You can get their info via:
18 error     npm owner ls foncier
18 error There is likely additional logging output above.
19 verbose exit [ 1, true ]
